<?xml version="1.0" encoding="UTF-8"?>
<!-- Generated by org.testng.reporters.JUnitXMLReporter -->
<testsuite hostname="JHANSI-PC" ignored="1" name="Default test" tests="2" failures="0" timestamp="08 Jan 2019 10:43:02 GMT" time="0.047" errors="0">
  <testcase name="Test1" time="0.016" classname="BeforeTest.BeforeMethod_Test"/>
  <testcase name="Test2" time="0.0" classname="BeforeTest.BeforeMethod_Test">
    <skipped/>
  </testcase> <!-- Test2 -->
  <testcase name="Test3" time="0.0" classname="BeforeTest.BeforeMethod_Test">
    <ignored/>
  </testcase> <!-- Test3 -->
</testsuite> <!-- Default test -->
